<?xml version="1.0" encoding="UTF-8"?>
<testsuite name="com.example.hospital_wed2.HospitalWed2ApplicationTests" tests="1" skipped="0" failures="0" errors="0" timestamp="2026-05-12T18:21:37.066Z" hostname="LAPTOP-SOREFHHV" time="9.735">
  <properties/>
  <testcase name="contextLoads()" classname="com.example.hospital_wed2.HospitalWed2ApplicationTests" time="0.489"/>
  <system-out><![CDATA[01:21:37.258 [Test worker] INFO org.springframework.test.context.support.AnnotationConfigContextLoaderUtils -- Could not detect default configuration classes for test class [com.example.hospital_wed2.HospitalWed2ApplicationTests]: HospitalWed2ApplicationTests does not declare any static, non-private, non-final, nested classes annotated with @Configuration.
01:21:37.408 [Test worker] INFO org.springframework.boot.test.context.SpringBootTestContextBootstrapper -- Found @SpringBootConfiguration com.example.hospital_wed2.HospitalWed2Application for test class com.example.hospital_wed2.HospitalWed2ApplicationTests
01:21:37.535 [Test worker] INFO org.springframework.test.context.support.AnnotationConfigContextLoaderUtils -- Could not detect default configuration classes for test class [com.example.hospital_wed2.HospitalWed2ApplicationTests]: HospitalWed2ApplicationTests does not declare any static, non-private, non-final, nested classes annotated with @Configuration.
01:21:37.536 [Test worker] INFO org.springframework.boot.test.context.SpringBootTestContextBootstrapper -- Found @SpringBootConfiguration com.example.hospital_wed2.HospitalWed2Application for test class com.example.hospital_wed2.HospitalWed2ApplicationTests

  .   ____          _            __ _ _
 /\\ / ___'_ __ _ _(_)_ __  __ _ \ \ \ \
( ( )\___ | '_ | '_| | '_ \/ _` | \ \ \ \
 \\/  ___)| |_)| | | | | || (_| |  ) ) ) )
  '  |____| .__|_| |_|_| |_\__, | / / / /
 =========|_|==============|___/=/_/_/_/

 :: Spring Boot ::                (v4.0.6)

2026-05-13T01:21:38.002+07:00  INFO 7988 --- [hotpital_wed2] [    Test worker] c.e.h.HospitalWed2ApplicationTests       : Starting HospitalWed2ApplicationTests using Java 17.0.16 with PID 7988 (started by LENOVO in C:\Users\LENOVO\Downloads\hospital_wed2_fixed\hospital_wed2)
2026-05-13T01:21:38.004+07:00  INFO 7988 --- [hotpital_wed2] [    Test worker] c.e.h.HospitalWed2ApplicationTests       : No active profile set, falling back to 1 default profile: "default"
2026-05-13T01:21:38.958+07:00  INFO 7988 --- [hotpital_wed2] [    Test worker] .s.d.r.c.RepositoryConfigurationDelegate : Bootstrapping Spring Data JPA repositories in DEFAULT mode.
2026-05-13T01:21:39.081+07:00  INFO 7988 --- [hotpital_wed2] [    Test worker] .s.d.r.c.RepositoryConfigurationDelegate : Finished Spring Data repository scanning in 113 ms. Found 9 JPA repository interfaces.
2026-05-13T01:21:39.938+07:00  INFO 7988 --- [hotpital_wed2] [    Test worker] org.hibernate.orm.jpa                    : HHH008540: Processing PersistenceUnitInfo [name: default]
2026-05-13T01:21:40.034+07:00  INFO 7988 --- [hotpital_wed2] [    Test worker] org.hibernate.orm.core                   : HHH000001: Hibernate ORM core version 7.2.12.Final
2026-05-13T01:21:40.699+07:00  INFO 7988 --- [hotpital_wed2] [    Test worker] o.s.o.j.p.SpringPersistenceUnitInfo      : No LoadTimeWeaver setup: ignoring JPA class transformer
2026-05-13T01:21:40.768+07:00  INFO 7988 --- [hotpital_wed2] [    Test worker] com.zaxxer.hikari.HikariDataSource       : HikariPool-1 - Starting...
2026-05-13T01:21:41.226+07:00  INFO 7988 --- [hotpital_wed2] [    Test worker] com.zaxxer.hikari.pool.HikariPool        : HikariPool-1 - Added connection com.mysql.cj.jdbc.ConnectionImpl@f996445
2026-05-13T01:21:41.228+07:00  INFO 7988 --- [hotpital_wed2] [    Test worker] com.zaxxer.hikari.HikariDataSource       : HikariPool-1 - Start completed.
2026-05-13T01:21:41.288+07:00  WARN 7988 --- [hotpital_wed2] [    Test worker] org.hibernate.orm.deprecation            : HHH90000025: MySQLDialect does not need to be specified explicitly using 'hibernate.dialect' (remove the property setting and it will be selected by default)
2026-05-13T01:21:41.310+07:00  INFO 7988 --- [hotpital_wed2] [    Test worker] org.hibernate.orm.connections.pooling    : HHH10001005: Database info:
	Database JDBC URL [jdbc:mysql://localhost:3306/hospital_db?createDatabaseIfNotExist=true]
	Database driver: MySQL Connector/J
	Database dialect: MySQLDialect
	Database version: 8.0.44
	Default catalog/schema: hospital_db/undefined
	Autocommit mode: undefined/unknown
	Isolation level: REPEATABLE_READ [default REPEATABLE_READ]
	JDBC fetch size: none
	Pool: DataSourceConnectionProvider
	Minimum pool size: undefined/unknown
	Maximum pool size: undefined/unknown
2026-05-13T01:21:42.570+07:00  INFO 7988 --- [hotpital_wed2] [    Test worker] org.hibernate.orm.core                   : HHH000489: No JTA platform available (set 'hibernate.transaction.jta.platform' to enable JTA platform integration)
2026-05-13T01:21:42.699+07:00  INFO 7988 --- [hotpital_wed2] [    Test worker] j.LocalContainerEntityManagerFactoryBean : Initialized JPA EntityManagerFactory for persistence unit 'default'
2026-05-13T01:21:42.790+07:00  INFO 7988 --- [hotpital_wed2] [    Test worker] o.s.d.j.r.query.QueryEnhancerFactories   : Hibernate is in classpath; If applicable, HQL parser will be used.
2026-05-13T01:21:45.118+07:00  INFO 7988 --- [hotpital_wed2] [    Test worker] eAuthenticationProviderManagerConfigurer : Global AuthenticationManager configured with AuthenticationProvider bean with name authenticationProvider
2026-05-13T01:21:45.118+07:00  WARN 7988 --- [hotpital_wed2] [    Test worker] r$InitializeUserDetailsManagerConfigurer : Global AuthenticationManager configured with an AuthenticationProvider bean. UserDetailsService beans will not be used by Spring Security for automatically configuring username/password login. Consider removing the AuthenticationProvider bean. Alternatively, consider using the UserDetailsService in a manually instantiated DaoAuthenticationProvider. If the current configuration is intentional, to turn off this warning, increase the logging level of 'org.springframework.security.config.annotation.authentication.configuration.InitializeUserDetailsBeanManagerConfigurer' to ERROR
2026-05-13T01:21:45.153+07:00  WARN 7988 --- [hotpital_wed2] [    Test worker] JpaBaseConfiguration$JpaWebConfiguration : spring.jpa.open-in-view is enabled by default. Therefore, database queries may be performed during view rendering. Explicitly configure spring.jpa.open-in-view to disable this warning
2026-05-13T01:21:46.152+07:00  INFO 7988 --- [hotpital_wed2] [    Test worker] c.e.h.HospitalWed2ApplicationTests       : Started HospitalWed2ApplicationTests in 8.529 seconds (process running for 10.148)
⚠️ Data already seeded -> skip
]]></system-out>
  <system-err><![CDATA[]]></system-err>
</testsuite>
